  C:\Users\mccre\dev\boiler\tests\unit\WorkflowService.Tests\Isolation\UsageIsolationIntegrationTests.cs(22,65): error CS1061: 'WorkflowServiceTestFixture' does not contain a definition for 'GetTenantTokenAsync' and no accessible extension method 'GetTenantTokenAsync' accepting a first argument of type 'WorkflowServiceTestFixture' could be found (are you missing a using directive or an assembly reference?)
    C:\Users\mccre\dev\boiler\tests\unit\WorkflowService.Tests\Isolation\UsageIsolationIntegrationTests.cs(22,37): error CS1729: 'TenantTestClient' does not contain a constructor that takes 2 arguments
    C:\Users\mccre\dev\boiler\tests\unit\WorkflowService.Tests\Isolation\DefinitionIsolationIntegrationTests.cs(27,37): error CS1061: 'WorkflowServiceTestFixture' does not contain a definition for 'GetTenantTokenAsync' and no accessible extension method 'GetTenantTokenAsync' accepting a first argument of type 'WorkflowServiceTestFixture' could be found (are you missing a using directive or an assembly reference?)
    C:\Users\mccre\dev\boiler\tests\unit\WorkflowService.Tests\Isolation\DefinitionIsolationIntegrationTests.cs(27,9): error CS1729: 'TenantTestClient' does not contain a constructor that takes 2 arguments
    C:\Users\mccre\dev\boiler\tests\unit\WorkflowService.Tests\Isolation\TaskIsolationIntegrationTests.cs(24,65): error CS1061: 'WorkflowServiceTestFixture' does not contain a definition for 'GetTenantTokenAsync' and no accessible extension method 'GetTenantTokenAsync' accepting a first argument of type 'WorkflowServiceTestFixture' could be found (are you missing a using directive or an assembly reference?)
    C:\Users\mccre\dev\boiler\tests\unit\WorkflowService.Tests\Isolation\TaskIsolationIntegrationTests.cs(24,37): error CS1729: 'TenantTestClient' does not contain a constructor that takes 2 arguments
    C:\Users\mccre\dev\boiler\tests\unit\WorkflowService.Tests\Definitions\DefinitionsIncludeArchivedIntegrationTests.cs(170,21): warning CS8604: Possible null reference argument for parameter 'source' in 'IEnumerable<string> Enumerable.Select<WorkflowDefinitionDto, string>(IEnumerable<WorkflowDefinitionDto> source, Func<WorkflowDefinitionDto, string> selector)'.
    C:\Users\mccre\dev\boiler\tests\unit\WorkflowService.Tests\Definitions\DefinitionsIncludeArchivedIntegrationTests.cs(220,9): warning CS8604: Possible null reference argument for parameter 'source' in 'WorkflowDefinitionDto Enumerable.First<WorkflowDefinitionDto>(IEnumerable<WorkflowDefinitionDto> source)'.
    C:\Users\mccre\dev\boiler\tests\unit\WorkflowService.Tests\Definitions\DefinitionsControllerTests.cs(130,21): warning CS8604: Possible null reference argument for parameter 'source' in 'IEnumerable<string> Enumerable.Select<WorkflowDefinitionDto, string>(IEnumerable<WorkflowDefinitionDto> source, Func<WorkflowDefinitionDto, string> selector)'.
    C:\Users\mccre\dev\boiler\tests\unit\WorkflowService.Tests\Infrastructure\WorkflowServiceTestFixture.cs(17,34): error CS0246: The type or namespace name 'WebApplicationFactoryClientOptions' could not be found (are you missing a using directive or an assembly reference?)
    C:\Users\mccre\dev\boiler\tests\unit\WorkflowService.Tests\Infrastructure\TestWebApplicationFactory.cs(23,20): error CS0246: The type or namespace name 'ApplicationDbContext' could not be found (are you missing a using directive or an assembly reference?)
    C:\Users\mccre\dev\boiler\tests\unit\WorkflowService.Tests\Infrastructure\TestWebApplicationFactory.cs(44,45): error CS0246: The type or namespace name 'IHostedService' could not be found (are you missing a using directive or an assembly reference?)
    C:\Users\mccre\dev\boiler\tests\unit\WorkflowService.Tests\Infrastructure\TestAuthHandler.cs(18,9): warning CS0618: 'AuthenticationHandler<AuthenticationSchemeOptions>.AuthenticationHandler(IOptionsMonitor<AuthenticationSchemeOptions>, ILoggerFactory, UrlEncoder, ISystemClock)' is obsolete: 'ISystemClock is obsolete, use TimeProvider on AuthenticationSchemeOptions instead.'
    C:\Users\mccre\dev\boiler\tests\unit\WorkflowService.Tests\Infrastructure\TenantTestClient.cs(50,15): error CS1061: 'HttpClient' does not contain a definition for 'PostAsJsonAsync' and no accessible extension method 'PostAsJsonAsync' accepting a first argument of type 'HttpClient' could be found (are you missing a using directive or an assembly reference?)

Build failed with 10 error(s) and 8 warning(s) in 2.9s
